[00:02:56] [Server thread/WARN]: Mismatch in destroy block pos: gh{x=-1881, y=67, z=419} gh{x=-1882, y=67, z=419}
[00:09:44] [Server thread/INFO]: Villager bne['Villager'/111379, l='ServerLevel[world]', x=-2675.70, y=121.83, z=502.18] died, message: 'Villager was squished too much'
[00:10:09] [Server thread/INFO]: Villager bne['Villager'/134152, l='ServerLevel[world]', x=-2675.70, y=121.40, z=502.10] died, message: 'Villager was squished too much'
[00:15:19] [Server thread/INFO]: <RukazuEz> zzzzzzzz
[00:25:34] [Server thread/INFO]: Villager bne['Villager'/160479, l='ServerLevel[world]', x=-2675.70, y=121.30, z=502.42] died, message: 'Villager was squished too much'
[00:26:03] [Server thread/INFO]: Villager bne['Villager'/165113, l='ServerLevel[world]', x=-2675.70, y=120.32, z=502.11] died, message: 'Villager was squished too much'
[00:31:51] [Server thread/WARN]: RukazuEz moved wrongly!
[00:38:02] [Server thread/INFO]: Villager bne['Villager'/111384, l='ServerLevel[world]', x=-2675.70, y=120.15, z=502.41] died, message: 'Villager was squished too much'
[00:39:34] [Server thread/WARN]: MortalmenteID moved wrongly!
[00:42:26] [Server thread/WARN]: RukazuEz moved wrongly!
[00:42:42] [Server thread/WARN]: RukazuEz moved wrongly!
[00:48:28] [Server thread/INFO]: RukazuEz lost connection: Disconnected
[00:48:28] [Server thread/INFO]: RukazuEz left the game
[00:48:32] [Server thread/INFO]: MortalmenteID was slain by Zombie Villager
[00:49:11] [Server thread/INFO]: RukazuEz[/25.14.97.29:55518] logged in with entity id 190431 at (-2667.185231519448, 120.0, 498.9075234567466)
[00:49:11] [Server thread/INFO]: RukazuEz joined the game
[00:52:04] [Server thread/INFO]: Villager bne['Villager'/190096, l='ServerLevel[world]', x=-2675.30, y=121.08, z=502.15] died, message: 'Villager was squished too much'
[00:58:10] [Server thread/INFO]: Villager bne['Villager'/190094, l='ServerLevel[world]', x=-2675.70, y=120.82, z=502.42] died, message: 'Villager was squished too much'
[01:00:16] [Server thread/INFO]: MortalmenteID has made the advancement [Total Beelocation]
[01:01:06] [Server thread/INFO]: MortalmenteID lost connection: Disconnected
[01:01:06] [Server thread/INFO]: MortalmenteID left the game
[01:01:08] [Server thread/INFO]: MortalmenteID[/25.29.131.158:59377] logged in with entity id 193968 at (-2706.1018892055013, 120.0, 495.7671316088677)
[01:01:08] [Server thread/INFO]: MortalmenteID joined the game
[01:04:16] [Server thread/INFO]: Villager bne['Villager'/190098, l='ServerLevel[world]', x=-2675.70, y=120.10, z=502.42] died, message: 'Villager was squished too much'
[01:15:40] [Server thread/INFO]: Villager bne['Villager'/190072, l='ServerLevel[world]', x=-2675.70, y=120.63, z=502.41] died, message: 'Villager was squished too much'
[01:17:50] [Server thread/INFO]: MortalmenteID lost connection: Disconnected
[01:17:50] [Server thread/INFO]: MortalmenteID left the game
[01:17:53] [Server thread/INFO]: MortalmenteID[/25.29.131.158:63951] logged in with entity id 197054 at (-2694.699999988079, 120.5625, 470.62415109897506)
[01:17:53] [Server thread/INFO]: MortalmenteID joined the game
[01:22:19] [Server thread/INFO]: Villager bne['Villager'/190076, l='ServerLevel[world]', x=-2675.30, y=120.45, z=502.70] died, message: 'Villager was squished too much'
[01:27:07] [Server thread/INFO]: Villager bne['Villager'/190080, l='ServerLevel[world]', x=-2675.30, y=120.39, z=502.70] died, message: 'Villager was squished too much'
[01:41:03] [Server thread/INFO]: Villager bne['Villager'/190083, l='ServerLevel[world]', x=-2675.70, y=120.45, z=502.55] died, message: 'Villager was squished too much'
[01:45:53] [Server thread/INFO]: <MortalmenteID> RukazuEz
[01:54:38] [Server thread/INFO]: Villager bne['Villager'/190090, l='ServerLevel[world]', x=-2675.70, y=120.92, z=502.70] died, message: 'Villager was squished too much'
[01:55:52] [Server thread/INFO]: Villager bne['Villager'/190097, l='ServerLevel[world]', x=-2675.70, y=120.10, z=502.42] died, message: 'Villager was squished too much'
[01:56:43] [Server thread/INFO]: <MortalmenteID> RukazuEz
[02:05:40] [Server thread/INFO]: Set MortalmenteID's game mode to Creative Mode
[02:07:32] [Server thread/INFO]: Set MortalmenteID's game mode to Survival Mode
[02:08:13] [Server thread/INFO]: <MortalmenteID> zZzZz
[02:09:26] [Server thread/INFO]: Villager bne['Villager'/201326, l='ServerLevel[world]', x=-2675.70, y=121.28, z=502.70] died, message: 'Villager was squished too much'
[02:12:45] [Server thread/INFO]: Set MortalmenteID's game mode to Creative Mode
[02:13:34] [Server thread/INFO]: Set MortalmenteID's game mode to Survival Mode
[02:19:02] [Server thread/INFO]: Villager bne['Villager'/190095, l='ServerLevel[world]', x=-2675.70, y=120.29, z=502.12] died, message: 'Villager was squished too much'
[02:19:59] [Server thread/INFO]: <RukazuEz> zzzzzzzzz
[02:19:59] [Server thread/INFO]: <RukazuEz> z
[02:19:59] [Server thread/INFO]: <RukazuEz> z
[02:19:59] [Server thread/INFO]: <RukazuEz> z
[02:20:00] [Server thread/INFO]: <RukazuEz> z
[02:20:00] [Server thread/INFO]: <RukazuEz> z
[02:20:00] [Server thread/INFO]: <RukazuEz> z
[02:20:00] [Server thread/INFO]: <RukazuEz> z
[02:20:00] [Server thread/INFO]: <RukazuEz> z
[02:20:00] [Server thread/INFO]: <RukazuEz> z
[02:20:01] [Server thread/INFO]: <RukazuEz> z
[02:20:01] [Server thread/INFO]: <RukazuEz> z
[02:20:02] [Server thread/INFO]: <RukazuEz> z
[02:20:02] [Server thread/INFO]: <RukazuEz> z
[02:20:02] [Server thread/INFO]: RukazuEz lost connection: Kicked for spamming
[02:20:02] [Server thread/INFO]: RukazuEz left the game
[02:20:12] [Server thread/INFO]: RukazuEz[/25.14.97.29:58847] logged in with entity id 207288 at (-2693.5, 120.0, 470.5)
[02:20:12] [Server thread/INFO]: RukazuEz joined the game
[02:20:16] [Server thread/INFO]: <RukazuEz> zzzzzzzzzzzz
[02:20:16] [Server thread/INFO]: <RukazuEz> z
[02:20:16] [Server thread/INFO]: <RukazuEz> z
[02:20:17] [Server thread/INFO]: <RukazuEz> z
[02:20:38] [Server thread/INFO]: <RukazuEz> zzzz
[02:20:38] [Server thread/INFO]: <RukazuEz> z
[02:20:38] [Server thread/INFO]: <RukazuEz> z
[02:20:38] [Server thread/INFO]: <RukazuEz> z
[02:20:39] [Server thread/INFO]: <RukazuEz> z
[02:20:39] [Server thread/INFO]: <RukazuEz> z
[02:30:02] [Server thread/INFO]: Villager bne['Villager'/190088, l='ServerLevel[world]', x=-2675.30, y=120.37, z=502.70] died, message: 'Villager was squished too much'
[02:31:09] [Server thread/INFO]: Villager bne['Villager'/190100, l='ServerLevel[world]', x=-2675.70, y=120.45, z=502.14] died, message: 'Villager was squished too much'
[02:38:11] [Server thread/INFO]: Villager bne['Villager'/190075, l='ServerLevel[world]', x=-2675.70, y=120.63, z=502.43] died, message: 'Villager was squished too much'
[02:41:38] [Server thread/INFO]: Set RukazuEz's game mode to Creative Mode
[02:43:34] [Server thread/INFO]: Set RukazuEz's game mode to Survival Mode
[02:45:00] [Server thread/INFO]: Set RukazuEz's game mode to Creative Mode
[02:45:04] [Server thread/INFO]: Villager bne['Villager'/190550, l='ServerLevel[world]', x=-2675.70, y=120.53, z=502.32] died, message: 'Villager was squished too much'
[02:45:16] [Server thread/INFO]: Set RukazuEz's game mode to Survival Mode
[02:46:00] [Server thread/INFO]: Set MortalmenteID's game mode to Creative Mode
[02:46:26] [Server thread/INFO]: Set MortalmenteID's game mode to Survival Mode
[02:51:02] [Server thread/INFO]: RukazuEz has reached the goal [Postmortal]
[02:54:13] [Server thread/INFO]: MortalmenteID lost connection: Disconnected
[02:54:13] [Server thread/INFO]: MortalmenteID left the game
[02:55:58] [Server thread/WARN]: RukazuEz moved wrongly!
[02:59:30] [Server thread/INFO]: Unknown or incomplete command, see below for error
[02:59:30] [Server thread/INFO]: <--[HERE]
